#
# A fatal error has been detected by the Java Runtime Environment:
#
#  Internal Error (javaCalls.cpp:51), pid=3120, tid=0x0000000000002070
#  guarantee(thread->is_Java_thread()) failed: crucial check - the VM thread cannot and must not escape to Java code
#
# JRE version: Java(TM) SE Runtime Environment (8.0_192-b12) (build 1.8.0_192-b12)
# Java VM: Java HotSpot(TM) 64-Bit Server VM (25.192-b12 mixed mode windows-amd64 compressed oops)
# Failed to write core dump. Minidumps are not enabled by default on client versions of Windows
#
# If you would like to submit a bug report, please visit:
#   http://bugreport.java.com/bugreport/crash.jsp
#

---------------  T H R E A D  ---------------

Current thread (0x000000001a3c7800):  VMThread [stack: 0x000000001b450000,0x000000001b550000] [id=8304]

Stack: [0x000000001b450000,0x000000001b550000]
[error occurred during error reporting (printing stack bounds), id 0xc0000005]

Native frames: (J=compiled Java code, j=interpreted, Vv=VM code, C=native code)

VM_Operation (0x000000001be7f1a0): GetOrSetLocal, mode: safepoint, requested by thread 0x000000001a414000


---------------  P R O C E S S  ---------------

Java Threads: ( => current thread )
  0x000000001fb18000 JavaThread "H2 TCP Server (tcp://10.70.99.203:9092)" [_thread_in_native, id=6768, stack(0x0000000020d60000,0x0000000020e60000)]
  0x000000001c9f8800 JavaThread "ReaderThread" [_thread_in_native, id=9392, stack(0x000000001d180000,0x000000001d280000)]
  0x000000001c298800 JavaThread "Service Thread" daemon [_thread_blocked, id=4072, stack(0x000000001c780000,0x000000001c880000)]
  0x000000001c20e800 JavaThread "C1 CompilerThread2" daemon [_thread_blocked, id=8344, stack(0x000000001c680000,0x000000001c780000)]
  0x000000001c20e000 JavaThread "C2 CompilerThread1" daemon [_thread_blocked, id=8172, stack(0x000000001c580000,0x000000001c680000)]
  0x000000001a45e000 JavaThread "C2 CompilerThread0" daemon [_thread_blocked, id=6996, stack(0x000000001c480000,0x000000001c580000)]
  0x000000001a42e000 JavaThread "JDWP Command Reader" daemon [_thread_in_native, id=11624, stack(0x000000001bf80000,0x000000001c080000)]
  0x000000001a421000 JavaThread "JDWP Event Helper Thread" daemon [_thread_blocked, id=7400, stack(0x000000001be80000,0x000000001bf80000)]
  0x000000001a414000 JavaThread "JDWP Transport Listener: dt_socket" daemon [_thread_blocked, id=4772, stack(0x000000001bd80000,0x000000001be80000)]
  0x000000001a40c000 JavaThread "Attach Listener" daemon [_thread_blocked, id=4888, stack(0x000000001b940000,0x000000001ba40000)]
  0x000000001a409000 JavaThread "Signal Dispatcher" daemon [_thread_blocked, id=11720, stack(0x000000001b840000,0x000000001b940000)]
  0x00000000033ac800 JavaThread "Finalizer" daemon [_thread_blocked, id=4128, stack(0x000000001b650000,0x000000001b750000)]
  0x00000000033a4000 JavaThread "Reference Handler" daemon [_thread_blocked, id=7916, stack(0x000000001b550000,0x000000001b650000)]
  0x00000000032b4000 JavaThread "main" [_thread_blocked, id=6488, stack(0x00000000030b0000,0x00000000031b0000)]

Other Threads:
=>0x000000001a3c7800 VMThread [stack: 0x000000001b450000,0x000000001b550000] [id=8304]
  0x000000001c2dc800 WatcherThread [stack: 0x000000001c880000,0x000000001c980000] [id=8760]

VM state:at safepoint (normal execution)

VM Mutex/Monitor currently owned by a thread:  ([mutex/lock_event])
[0x00000000032b01d0] Threads_lock - owner thread: 0x000000001a3c7800

heap address: 0x0000000702000000, size: 3040 MB, Compressed Oops mode: Zero based, Oop shift amount: 3
Narrow klass base: 0x0000000000000000, Narrow klass shift: 3
Compressed class space size: 1073741824 Address: 0x00000007c0000000

Heap:
 PSYoungGen      total 105984K, used 60556K [0x0000000780b00000, 0x0000000787a00000, 0x00000007c0000000)
  eden space 98304K, 61% used [0x0000000780b00000,0x00000007846232b0,0x0000000786b00000)
  from space 7680K, 0% used [0x0000000787280000,0x0000000787280000,0x0000000787a00000)
  to   space 7680K, 0% used [0x0000000786b00000,0x0000000786b00000,0x0000000787280000)
 ParOldGen       total 79360K, used 6371K [0x0000000702000000, 0x0000000706d80000, 0x0000000780b00000)
  object space 79360K, 8% used [0x0000000702000000,0x0000000702638e30,0x0000000706d80000)
 Metaspace       used 26506K, capacity 26762K, committed 27136K, reserved 1073152K
  class space    used 3134K, capacity 3253K, committed 3328K, reserved 1048576K

Card table byte_map: [0x0000000012770000,0x0000000012d70000] byte_map_base: 0x000000000ef60000

Marking Bits: (ParMarkBitMap*) 0x0000000071a83ce0
 Begin Bits: [0x0000000013570000, 0x00000000164f0000)
 End Bits:   [0x00000000164f0000, 0x0000000019470000)

Polling page: 0x0000000000df0000

CodeCache: size=245760Kb used=6893Kb max_used=6995Kb free=238866Kb
 bounds [0x00000000033b0000, 0x0000000003ab0000, 0x00000000123b0000]
 total_blobs=2107 nmethods=1688 adapters=339
 compilation: enabled

Compilation events (10 events):
Event: 5.819 Thread 0x000000001a45e000 nmethod 916 0x00000000039f92d0 code [0x00000000039f9420, 0x00000000039f97f8]
Event: 5.820 Thread 0x000000001a45e000 1052       4       java.math.BigInteger::implMulAdd (81 bytes)
Event: 5.827 Thread 0x000000001a45e000 nmethod 1052 0x00000000039fd010 code [0x00000000039fd160, 0x00000000039fd418]
Event: 6.144 Thread 0x000000001c20e000 nmethod 1519% 0x0000000003a51990 code [0x0000000003a52380, 0x0000000003a74ad0]
Event: 308.627 Thread 0x000000001a45e000 1714       4       org.eclipse.jdt.launching.internal.org.objectweb.asm.ClassReader::readCode (5089 bytes)
Event: 309.786 Thread 0x000000001a45e000 nmethod 1714 0x0000000003a88150 code [0x0000000003a88ee0, 0x0000000003a9c498]
Event: 422.789 Thread 0x000000001c20e800 1715       3       org.eclipse.jdt.launching.internal.org.objectweb.asm.AnnotationWriter::computeAnnotationsSize (42 bytes)
Event: 422.789 Thread 0x000000001c20e800 nmethod 1715 0x00000000034b6010 code [0x00000000034b6180, 0x00000000034b64c8]
Event: 422.790 Thread 0x000000001c20e800 1716       3       org.eclipse.jdt.launching.internal.org.objectweb.asm.AnnotationWriter::putAnnotations (110 bytes)
Event: 422.803 Thread 0x000000001c20e800 nmethod 1716 0x00000000039fffd0 code [0x0000000003a001a0, 0x0000000003a00688]

GC Heap History (10 events):
Event: 1.574 GC heap before
{Heap before GC invocations=1 (full 0):
 PSYoungGen      total 56832K, used 49152K [0x0000000780b00000, 0x0000000784a00000, 0x00000007c0000000)
  eden space 49152K, 100% used [0x0000000780b00000,0x0000000783b00000,0x0000000783b00000)
  from space 7680K, 0% used [0x0000000784280000,0x0000000784280000,0x0000000784a00000)
  to   space 7680K, 0% used [0x0000000783b00000,0x0000000783b00000,0x0000000784280000)
 ParOldGen       total 130048K, used 0K [0x0000000702000000, 0x0000000709f00000, 0x0000000780b00000)
  object space 130048K, 0% used [0x0000000702000000,0x0000000702000000,0x0000000709f00000)
 Metaspace       used 10808K, capacity 10952K, committed 11008K, reserved 1058816K
  class space    used 1209K, capacity 1266K, committed 1280K, reserved 1048576K
Event: 1.584 GC heap after
Heap after GC invocations=1 (full 0):
 PSYoungGen      total 56832K, used 4452K [0x0000000780b00000, 0x0000000784a00000, 0x00000007c0000000)
  eden space 49152K, 0% used [0x0000000780b00000,0x0000000780b00000,0x0000000783b00000)
  from space 7680K, 57% used [0x0000000783b00000,0x0000000783f593f0,0x0000000784280000)
  to   space 7680K, 0% used [0x0000000784280000,0x0000000784280000,0x0000000784a00000)
 ParOldGen       total 130048K, used 72K [0x0000000702000000, 0x0000000709f00000, 0x0000000780b00000)
  object space 130048K, 0% used [0x0000000702000000,0x0000000702012010,0x0000000709f00000)
 Metaspace       used 10808K, capacity 10952K, committed 11008K, reserved 1058816K
  class space    used 1209K, capacity 1266K, committed 1280K, reserved 1048576K
}
Event: 2.295 GC heap before
{Heap before GC invocations=2 (full 0):
 PSYoungGen      total 56832K, used 53604K [0x0000000780b00000, 0x0000000784a00000, 0x00000007c0000000)
  eden space 49152K, 100% used [0x0000000780b00000,0x0000000783b00000,0x0000000783b00000)
  from space 7680K, 57% used [0x0000000783b00000,0x0000000783f593f0,0x0000000784280000)
  to   space 7680K, 0% used [0x0000000784280000,0x0000000784280000,0x0000000784a00000)
 ParOldGen       total 130048K, used 72K [0x0000000702000000, 0x0000000709f00000, 0x0000000780b00000)
  object space 130048K, 0% used [0x0000000702000000,0x0000000702012010,0x0000000709f00000)
 Metaspace       used 14606K, capacity 14696K, committed 14976K, reserved 1062912K
  class space    used 1583K, capacity 1618K, committed 1664K, reserved 1048576K
Event: 2.304 GC heap after
Heap after GC invocations=2 (full 0):
 PSYoungGen      total 56832K, used 5192K [0x0000000780b00000, 0x0000000784a00000, 0x00000007c0000000)
  eden space 49152K, 0% used [0x0000000780b00000,0x0000000780b00000,0x0000000783b00000)
  from space 7680K, 67% used [0x0000000784280000,0x00000007847920f0,0x0000000784a00000)
  to   space 7680K, 0% used [0x0000000783b00000,0x0000000783b00000,0x0000000784280000)
 ParOldGen       total 130048K, used 80K [0x0000000702000000, 0x0000000709f00000, 0x0000000780b00000)
  object space 130048K, 0% used [0x0000000702000000,0x0000000702014010,0x0000000709f00000)
 Metaspace       used 14606K, capacity 14696K, committed 14976K, reserved 1062912K
  class space    used 1583K, capacity 1618K, committed 1664K, reserved 1048576K
}
Event: 2.742 GC heap before
{Heap before GC invocations=3 (full 0):
 PSYoungGen      total 56832K, used 54344K [0x0000000780b00000, 0x0000000784a00000, 0x00000007c0000000)
  eden space 49152K, 100% used [0x0000000780b00000,0x0000000783b00000,0x0000000783b00000)
  from space 7680K, 67% used [0x0000000784280000,0x00000007847920f0,0x0000000784a00000)
  to   space 7680K, 0% used [0x0000000783b00000,0x0000000783b00000,0x0000000784280000)
 ParOldGen       total 130048K, used 80K [0x0000000702000000, 0x0000000709f00000, 0x0000000780b00000)
  object space 130048K, 0% used [0x0000000702000000,0x0000000702014010,0x0000000709f00000)
 Metaspace       used 18194K, capacity 18312K, committed 18432K, reserved 1064960K
  class space    used 1980K, capacity 2034K, committed 2048K, reserved 1048576K
Event: 2.749 GC heap after
Heap after GC invocations=3 (full 0):
 PSYoungGen      total 56832K, used 6367K [0x0000000780b00000, 0x0000000787a00000, 0x00000007c0000000)
  eden space 49152K, 0% used [0x0000000780b00000,0x0000000780b00000,0x0000000783b00000)
  from space 7680K, 82% used [0x0000000783b00000,0x0000000784137ce8,0x0000000784280000)
  to   space 7680K, 0% used [0x0000000787280000,0x0000000787280000,0x0000000787a00000)
 ParOldGen       total 130048K, used 88K [0x0000000702000000, 0x0000000709f00000, 0x0000000780b00000)
  object space 130048K, 0% used [0x0000000702000000,0x0000000702016010,0x0000000709f00000)
 Metaspace       used 18194K, capacity 18312K, committed 18432K, reserved 1064960K
  class space    used 1980K, capacity 2034K, committed 2048K, reserved 1048576K
}
Event: 3.259 GC heap before
{Heap before GC invocations=4 (full 0):
 PSYoungGen      total 56832K, used 50291K [0x0000000780b00000, 0x0000000787a00000, 0x00000007c0000000)
  eden space 49152K, 89% used [0x0000000780b00000,0x00000007835e4fb8,0x0000000783b00000)
  from space 7680K, 82% used [0x0000000783b00000,0x0000000784137ce8,0x0000000784280000)
  to   space 7680K, 0% used [0x0000000787280000,0x0000000787280000,0x0000000787a00000)
 ParOldGen       total 130048K, used 88K [0x0000000702000000, 0x0000000709f00000, 0x0000000780b00000)
  object space 130048K, 0% used [0x0000000702000000,0x0000000702016010,0x0000000709f00000)
 Metaspace       used 21117K, capacity 21192K, committed 21248K, reserved 1069056K
  class space    used 2485K, capacity 2546K, committed 2560K, reserved 1048576K
Event: 3.270 GC heap after
Heap after GC invocations=4 (full 0):
 PSYoungGen      total 105984K, used 6531K [0x0000000780b00000, 0x0000000787a00000, 0x00000007c0000000)
  eden space 98304K, 0% used [0x0000000780b00000,0x0000000780b00000,0x0000000786b00000)
  from space 7680K, 85% used [0x0000000787280000,0x00000007878e0f10,0x0000000787a00000)
  to   space 7680K, 0% used [0x0000000786b00000,0x0000000786b00000,0x0000000787280000)
 ParOldGen       total 130048K, used 96K [0x0000000702000000, 0x0000000709f00000, 0x0000000780b00000)
  object space 130048K, 0% used [0x0000000702000000,0x0000000702018010,0x0000000709f00000)
 Metaspace       used 21117K, capacity 21192K, committed 21248K, reserved 1069056K
  class space    used 2485K, capacity 2546K, committed 2560K, reserved 1048576K
}
Event: 3.270 GC heap before
{Heap before GC invocations=5 (full 1):
 PSYoungGen      total 105984K, used 6531K [0x0000000780b00000, 0x0000000787a00000, 0x00000007c0000000)
  eden space 98304K, 0% used [0x0000000780b00000,0x0000000780b00000,0x0000000786b00000)
  from space 7680K, 85% used [0x0000000787280000,0x00000007878e0f10,0x0000000787a00000)
  to   space 7680K, 0% used [0x0000000786b00000,0x0000000786b00000,0x0000000787280000)
 ParOldGen       total 130048K, used 96K [0x0000000702000000, 0x0000000709f00000, 0x0000000780b00000)
  object space 130048K, 0% used [0x0000000702000000,0x0000000702018010,0x0000000709f00000)
 Metaspace       used 21117K, capacity 21192K, committed 21248K, reserved 1069056K
  class space    used 2485K, capacity 2546K, committed 2560K, reserved 1048576K
Event: 3.313 GC heap after
Heap after GC invocations=5 (full 1):
 PSYoungGen      total 105984K, used 0K [0x0000000780b00000, 0x0000000787a00000, 0x00000007c0000000)
  eden space 98304K, 0% used [0x0000000780b00000,0x0000000780b00000,0x0000000786b00000)
  from space 7680K, 0% used [0x0000000787280000,0x0000000787280000,0x0000000787a00000)
  to   space 7680K, 0% used [0x0000000786b00000,0x0000000786b00000,0x0000000787280000)
 ParOldGen       total 79360K, used 6371K [0x0000000702000000, 0x0000000706d80000, 0x0000000780b00000)
  object space 79360K, 8% used [0x0000000702000000,0x0000000702638e30,0x0000000706d80000)
 Metaspace       used 21117K, capacity 21192K, committed 21248K, reserved 1069056K
  class space    used 2485K, capacity 2546K, committed 2560K, reserved 1048576K
}

Deoptimization events (10 events):
Event: 2.435 Thread 0x00000000032b4000 Uncommon trap: reason=unstable_if action=reinterpret pc=0x00000000037952cc method=org.eclipse.jdt.launching.internal.org.objectweb.asm.ClassReader.<init>([BIZ)V @ 350
Event: 2.436 Thread 0x00000000032b4000 Uncommon trap: reason=null_assert action=make_not_entrant pc=0x00000000037e25ec method=org.eclipse.jdt.launching.internal.org.objectweb.asm.ClassReader.readCode(Lorg/eclipse/jdt/launching/internal/org/objectweb/asm/MethodVisitor;Lorg/eclipse/jdt/launching
Event: 2.582 Thread 0x00000000032b4000 Uncommon trap: reason=unstable_if action=reinterpret pc=0x00000000037c30a0 method=java.util.HashMap.putVal(ILjava/lang/Object;Ljava/lang/Object;ZZ)Ljava/lang/Object; @ 85
Event: 2.799 Thread 0x00000000032b4000 Uncommon trap: reason=unstable_if action=reinterpret pc=0x000000000368a8ec method=sun.misc.MetaIndex.mayContain(Ljava/lang/String;)Z @ 38
Event: 3.208 Thread 0x00000000032b4000 Uncommon trap: reason=unstable_if action=reinterpret pc=0x0000000003549fb0 method=org.eclipse.jdt.launching.internal.org.objectweb.asm.ClassReader.readUtf(II[C)Ljava/lang/String; @ 41
Event: 3.208 Thread 0x00000000032b4000 Uncommon trap: reason=unstable_if action=reinterpret pc=0x00000000036b4dd8 method=org.eclipse.jdt.launching.internal.org.objectweb.asm.SymbolTable.addConstantUtf8Reference(ILjava/lang/String;)Lorg/eclipse/jdt/launching/internal/org/objectweb/asm/Symbol; @
Event: 3.208 Thread 0x00000000032b4000 Uncommon trap: reason=unstable_if action=reinterpret pc=0x00000000037a3c0c method=org.eclipse.jdt.launching.internal.org.objectweb.asm.ByteVector.putUTF8(Ljava/lang/String;)Lorg/eclipse/jdt/launching/internal/org/objectweb/asm/ByteVector; @ 93
Event: 3.208 Thread 0x00000000032b4000 Uncommon trap: reason=unstable_if action=reinterpret pc=0x000000000367ece4 method=org.eclipse.jdt.launching.internal.org.objectweb.asm.ByteVector.encodeUtf8(Ljava/lang/String;II)Lorg/eclipse/jdt/launching/internal/org/objectweb/asm/ByteVector; @ 30
Event: 3.612 Thread 0x00000000032b4000 Uncommon trap: reason=unstable_if action=reinterpret pc=0x0000000003703a94 method=java.io.WinNTFileSystem.normalize(Ljava/lang/String;)Ljava/lang/String; @ 128
Event: 3.773 Thread 0x00000000032b4000 Uncommon trap: reason=predicate action=maybe_recompile pc=0x00000000038f2b68 method=java.lang.String.regionMatches(ZILjava/lang/String;II)Z @ 63

Classes redefined (6 events):
Event: 308.639 Thread 0x000000001a3c7800 redefined class name=com.algonquincollege.cst8277.models.EmployeeProjectsTestSuite, count=1
Event: 418.738 Thread 0x000000001a3c7800 redefined class name=com.algonquincollege.cst8277.models.EmployeeProjectsTestSuite, count=2
Event: 422.802 Thread 0x000000001a3c7800 redefined class name=com.algonquincollege.cst8277.models.EmployeeProjectsTestSuite, count=3
Event: 559.200 Thread 0x000000001a3c7800 redefined class name=com.algonquincollege.cst8277.models.EmployeeProjectsTestSuite, count=4
Event: 646.022 Thread 0x000000001a3c7800 redefined class name=com.algonquincollege.cst8277.models.EmployeeProjectsTestSuite, count=5
Event: 1039.389 Thread 0x000000001a3c7800 redefined class name=com.algonquincollege.cst8277.models.EmployeeProjectsTestSuite, count=6

Internal exceptions (10 events):
Event: 0.740 Thread 0x00000000032b4000 Exception <a 'java/security/PrivilegedActionException'> (0x0000000781d50920) thrown at [C:\workspace\8-2-build-windows-amd64-cygwin\jdk8u192\11897\hotspot\src\share\vm\prims\jvm.cpp, line 1435]
Event: 0.741 Thread 0x00000000032b4000 Exception <a 'java/security/PrivilegedActionException'> (0x0000000781d53470) thrown at [C:\workspace\8-2-build-windows-amd64-cygwin\jdk8u192\11897\hotspot\src\share\vm\prims\jvm.cpp, line 1435]
Event: 0.741 Thread 0x00000000032b4000 Exception <a 'java/security/PrivilegedActionException'> (0x0000000781d53868) thrown at [C:\workspace\8-2-build-windows-amd64-cygwin\jdk8u192\11897\hotspot\src\share\vm\prims\jvm.cpp, line 1435]
Event: 0.884 Thread 0x00000000032b4000 Exception <a 'java/io/FileNotFoundException'> (0x00000007820e75e0) thrown at [C:\workspace\8-2-build-windows-amd64-cygwin\jdk8u192\11897\hotspot\src\share\vm\prims\jni.cpp, line 709]
Event: 1.305 Thread 0x00000000032b4000 Implicit null exception at 0x00000000035fe359 to 0x00000000035fe851
Event: 2.101 Thread 0x00000000032b4000 Implicit null exception at 0x00000000035d8fd6 to 0x00000000035d948d
Event: 3.757 Thread 0x00000000032b4000 Exception <a 'java/lang/NoSuchFieldError': method resolution failed> (0x0000000781832410) thrown at [C:\workspace\8-2-build-windows-amd64-cygwin\jdk8u192\11897\hotspot\src\share\vm\prims\methodHandles.cpp, line 1167]
Event: 3.762 Thread 0x00000000032b4000 Exception <a 'java/lang/NoSuchFieldError': method resolution failed> (0x0000000781840740) thrown at [C:\workspace\8-2-build-windows-amd64-cygwin\jdk8u192\11897\hotspot\src\share\vm\prims\methodHandles.cpp, line 1167]
Event: 4.166 Thread 0x00000000032b4000 Exception <a 'java/lang/NoSuchMethodError': org.slf4j.impl.StaticMDCBinder.getSingleton()Lorg/slf4j/impl/StaticMDCBinder;> (0x00000007837f9d40) thrown at [C:\workspace\8-2-build-windows-amd64-cygwin\jdk8u192\11897\hotspot\src\share\vm\interpreter\linkReso
Event: 5.023 Thread 0x00000000032b4000 Exception <a 'java/lang/ClassCastException': java.util.ArrayList cannot be cast to java.util.Vector> (0x000000078437b5a8) thrown at [C:\workspace\8-2-build-windows-amd64-cygwin\jdk8u192\11897\hotspot\src\share\vm\interpreter\interpreterRuntime.cpp, line 3

Events (10 events):
Event: 1039.434 Executing VM operation: ChangeBreakpoints done
Event: 1039.449 Executing VM operation: ChangeBreakpoints
Event: 1039.449 Executing VM operation: ChangeBreakpoints done
Event: 1039.469 Executing VM operation: ChangeBreakpoints
Event: 1039.470 Executing VM operation: ChangeBreakpoints done
Event: 1044.510 Executing VM operation: GetOwnedMonitorInfo
Event: 1044.511 Executing VM operation: GetOwnedMonitorInfo done
Event: 1044.511 Executing VM operation: GetCurrentContendedMonitor
Event: 1044.511 Executing VM operation: GetCurrentContendedMonitor done
Event: 1055.636 Executing VM operation: GetOrSetLocal


Dynamic libraries:
0x00007ff6e6730000 - 0x00007ff6e6767000 	C:\Java\jdk1.8.0_192\bin\javaw.exe
0x00007ffe8c400000 - 0x00007ffe8c5e1000 	C:\WINDOWS\SYSTEM32\ntdll.dll
0x00007ffe8c0a0000 - 0x00007ffe8c152000 	C:\WINDOWS\System32\KERNEL32.DLL
0x00007ffe892f0000 - 0x00007ffe89563000 	C:\WINDOWS\System32\KERNELBASE.dll
0x00007ffe89890000 - 0x00007ffe89931000 	C:\WINDOWS\System32\ADVAPI32.dll
0x00007ffe8bd70000 - 0x00007ffe8be0e000 	C:\WINDOWS\System32\msvcrt.dll
0x00007ffe8c360000 - 0x00007ffe8c3bb000 	C:\WINDOWS\System32\sechost.dll
0x00007ffe8a3c0000 - 0x00007ffe8a4e4000 	C:\WINDOWS\System32\RPCRT4.dll
0x00007ffe8c160000 - 0x00007ffe8c2f0000 	C:\WINDOWS\System32\USER32.dll
0x00007ffe89170000 - 0x00007ffe89190000 	C:\WINDOWS\System32\win32u.dll
0x00007ffe8ba10000 - 0x00007ffe8ba38000 	C:\WINDOWS\System32\GDI32.dll
0x00007ffe89670000 - 0x00007ffe89802000 	C:\WINDOWS\System32\gdi32full.dll
0x00007ffe889c0000 - 0x00007ffe88a5f000 	C:\WINDOWS\System32\msvcp_win.dll
0x00007ffe89570000 - 0x00007ffe89668000 	C:\WINDOWS\System32\ucrtbase.dll
0x00007ffe7d170000 - 0x00007ffe7d3d9000 	C:\WINDOWS\WinSxS\amd64_microsoft.windows.common-controls_6595b64144ccf1df_6.0.17134.648_none_fb45a0e93062a6d2\COMCTL32.dll
0x00007ffe8ba40000 - 0x00007ffe8bd62000 	C:\WINDOWS\System32\combase.dll
0x00007ffe89810000 - 0x00007ffe8988a000 	C:\WINDOWS\System32\bcryptPrimitives.dll
0x00007ffe8b930000 - 0x00007ffe8b95d000 	C:\WINDOWS\System32\IMM32.DLL
0x0000000071f10000 - 0x0000000071fe1000 	C:\Java\jdk1.8.0_192\jre\bin\msvcr100.dll
0x0000000071260000 - 0x0000000071b03000 	C:\Java\jdk1.8.0_192\jre\bin\server\jvm.dll
0x00007ffe89e30000 - 0x00007ffe89e38000 	C:\WINDOWS\System32\PSAPI.DLL
0x00007ffe87370000 - 0x00007ffe87379000 	C:\WINDOWS\SYSTEM32\WSOCK32.dll
0x00007ffe8c2f0000 - 0x00007ffe8c35c000 	C:\WINDOWS\System32\WS2_32.dll
0x00007ffe83f00000 - 0x00007ffe83f23000 	C:\WINDOWS\SYSTEM32\WINMM.dll
0x00007ffe82720000 - 0x00007ffe8272a000 	C:\WINDOWS\SYSTEM32\VERSION.dll
0x00007ffe83d20000 - 0x00007ffe83d4a000 	C:\WINDOWS\SYSTEM32\WINMMBASE.dll
0x00007ffe89240000 - 0x00007ffe89289000 	C:\WINDOWS\System32\cfgmgr32.dll
0x00007ffe84ea0000 - 0x00007ffe84eaf000 	C:\Java\jdk1.8.0_192\jre\bin\verify.dll
0x00007ffe7d550000 - 0x00007ffe7d579000 	C:\Java\jdk1.8.0_192\jre\bin\java.dll
0x00007ffe6aff0000 - 0x00007ffe6b025000 	C:\Java\jdk1.8.0_192\jre\bin\jdwp.dll
0x00007ffe84f00000 - 0x00007ffe84f08000 	C:\Java\jdk1.8.0_192\jre\bin\npt.dll
0x00007ffe6d860000 - 0x00007ffe6d883000 	C:\Java\jdk1.8.0_192\jre\bin\instrument.dll
0x00007ffe83b40000 - 0x00007ffe83b56000 	C:\Java\jdk1.8.0_192\jre\bin\zip.dll
0x00007ffe8a4f0000 - 0x00007ffe8b930000 	C:\WINDOWS\System32\SHELL32.dll
0x00007ffe8b960000 - 0x00007ffe8ba09000 	C:\WINDOWS\System32\shcore.dll
0x00007ffe88a60000 - 0x00007ffe8916d000 	C:\WINDOWS\System32\windows.storage.dll
0x00007ffe8be10000 - 0x00007ffe8be61000 	C:\WINDOWS\System32\shlwapi.dll
0x00007ffe88730000 - 0x00007ffe88741000 	C:\WINDOWS\System32\kernel.appcore.dll
0x00007ffe887a0000 - 0x00007ffe887bf000 	C:\WINDOWS\System32\profapi.dll
0x00007ffe88750000 - 0x00007ffe8879c000 	C:\WINDOWS\System32\powrprof.dll
0x00007ffe887c0000 - 0x00007ffe887ca000 	C:\WINDOWS\System32\FLTLIB.DLL
0x00007ffe77760000 - 0x00007ffe77769000 	C:\Java\jdk1.8.0_192\jre\bin\dt_socket.dll
0x00007ffe84150000 - 0x00007ffe84166000 	C:\WINDOWS\system32\napinsp.dll
0x00007ffe84120000 - 0x00007ffe8413a000 	C:\WINDOWS\system32\pnrpnsp.dll
0x00007ffe84c50000 - 0x00007ffe84c69000 	C:\WINDOWS\system32\NLAapi.dll
0x00007ffe87f30000 - 0x00007ffe87f96000 	C:\WINDOWS\System32\mswsock.dll
0x00007ffe87cf0000 - 0x00007ffe87dae000 	C:\WINDOWS\SYSTEM32\DNSAPI.dll
0x00007ffe89f30000 - 0x00007ffe89f38000 	C:\WINDOWS\System32\NSI.dll
0x00007ffe87cb0000 - 0x00007ffe87ce8000 	C:\WINDOWS\SYSTEM32\IPHLPAPI.DLL
0x00007ffe840f0000 - 0x00007ffe840fe000 	C:\WINDOWS\System32\winrnr.dll
0x00007ffe7f7b0000 - 0x00007ffe7f822000 	C:\WINDOWS\System32\fwpuclnt.dll
0x00007ffe88210000 - 0x00007ffe88235000 	C:\WINDOWS\SYSTEM32\bcrypt.dll
0x00007ffe7eb40000 - 0x00007ffe7eb4a000 	C:\Windows\System32\rasadhlp.dll
0x00007ffe7f260000 - 0x00007ffe7f27a000 	C:\Java\jdk1.8.0_192\jre\bin\net.dll
0x00007ffe6d890000 - 0x00007ffe6d8b4000 	C:\Java\jdk1.8.0_192\jre\bin\sunec.dll
0x00007ffe813b0000 - 0x00007ffe813c6000 	C:\WINDOWS\SYSTEM32\dhcpcsvc6.DLL
0x00007ffe81650000 - 0x00007ffe8166a000 	C:\WINDOWS\SYSTEM32\dhcpcsvc.DLL
0x00007ffe7d530000 - 0x00007ffe7d541000 	C:\Java\jdk1.8.0_192\jre\bin\nio.dll
0x00007ffe880e0000 - 0x00007ffe880f7000 	C:\WINDOWS\SYSTEM32\CRYPTSP.dll
0x00007ffe87b10000 - 0x00007ffe87b43000 	C:\WINDOWS\system32\rsaenh.dll
0x00007ffe88610000 - 0x00007ffe88638000 	C:\WINDOWS\SYSTEM32\USERENV.dll
0x00007ffe88100000 - 0x00007ffe8810b000 	C:\WINDOWS\SYSTEM32\CRYPTBASE.dll

VM Arguments:
jvm_args: -agentlib:jdwp=transport=dt_socket,suspend=y,address=localhost:63576 -ea -javaagent:C:\Users\test\cst8277-eclipse\eclipse\configuration\org.eclipse.osgi\391\0\.cp\lib\javaagent-shaded.jar -Dfile.encoding=UTF-8 
java_command: org.eclipse.jdt.internal.junit.runner.RemoteTestRunner -version 3 -port 63575 -testLoaderClass org.eclipse.jdt.internal.junit4.runner.JUnit4TestLoader -loaderpluginname org.eclipse.jdt.junit4.runtime -classNames com.algonquincollege.cst8277.models.EmployeeProjectsTestSuite
java_class_path (initial): C:\Users\test\git\Assignment3\assignment3-starter\target\test-classes;C:\Users\test\git\Assignment3\assignment3-starter\target\classes;C:\Users\test\.m2\repository\org\slf4j\slf4j-api\1.7.25\slf4j-api-1.7.25.jar;C:\Users\test\.m2\repository\ch\qos\logback\logback-classic\1.2.3\logback-classic-1.2.3.jar;C:\Users\test\.m2\repository\ch\qos\logback\logback-core\1.2.3\logback-core-1.2.3.jar;C:\Users\test\.m2\repository\org\eclipse\persistence\eclipselink\2.7.3\eclipselink-2.7.3.jar;C:\Users\test\.m2\repository\org\eclipse\persistence\commonj.sdo\2.1.1\commonj.sdo-2.1.1.jar;C:\Users\test\.m2\repository\javax\validation\validation-api\2.0.1.Final\validation-api-2.0.1.Final.jar;C:\Users\test\.m2\repository\javax\json\javax.json-api\1.1.2\javax.json-api-1.1.2.jar;C:\Users\test\.m2\repository\javax\persistence\javax.persistence-api\2.2\javax.persistence-api-2.2.jar;C:\Users\test\.m2\repository\org\eclipse\persistence\org.eclipse.persistence.jpa.modelgen.processor\2.7.3\org.eclipse.persistence.jpa.modelgen.processor-2.7.3.jar;C:\Users\test\.m2\repository\org\eclipse\persistence\org.eclipse.persistence.core\2.7.3\org.eclipse.persistence.core-2.7.3.jar;C:\Users\test\.m2\repository\org\eclipse\persistence\org.eclipse.persistence.asm\2.7.3\org.eclipse.persistence.asm-2.7.3.jar;C:\Users\test\.m2\repository\org\eclipse\persistence\org.eclipse.persistence.jpa\2.7.3\org.eclipse.persistence.jpa-2.7.3.jar;C:\Users\test\.m2\repository\org\eclipse\persistence\javax.persistence\2.2.1\javax.persistence-2.2.1.jar;C:\Users\test\.m2\repository\org\eclipse\persistence\org.eclipse.persistence.antlr\2.7.3\org.eclipse.persistence.antlr-2.7.3.jar;C:\Users\test\.m2\repository\org\eclipse\persistence\org.eclipse.persistence.jpa.jpql\2.7.3\org.eclipse.persistence.jpa.jpql-2.7.3.jar;C:\Users\test\.m2\repository\org\eclipse\persistence\org.eclipse.persistence.extension\2.7.3\org.eclipse.persistence.extension-2.7.3.jar;C:\Users\test\.m2\repository\com\h2database\h2\1.4.197\h
Launcher Type: SUN_STANDARD

Environment Variables:
JAVA_HOME=C:\Java\jdk1.8.0_192
PATH=C:\Java\jdk1.8.0_192\jre\bin;C:/Java/jdk1.8.0_192/bin/../jre/bin/server;C:/Java/jdk1.8.0_192/bin/../jre/bin;C:/Java/jdk1.8.0_192/bin/../jre/lib/amd64;C:\app\oracleuser\product\12.1.0\dbhome_1\bin;C:\Program Files (x86)\Common Files\Oracle\Java\javapath;C:\oraclexe\app\oracle\product\11.2.0\server\bin;C:\Program Files (x86)\Intel\iCLS Client\;C:\Program Files\Intel\iCLS Client\;C:\Windows\system32;C:\Windows;C:\Windows\System32\Wbem;C:\Windows\System32\WindowsPowerShell\v1.0\;C:\Program Files (x86)\Intel\Intel(R) Management Engine Components\DAL;C:\Program Files\Intel\Intel(R) Management Engine Components\DAL;C:\Program Files (x86)\Intel\Intel(R) Management Engine Components\IPT;C:\Program Files\Intel\Intel(R) Management Engine Components\IPT;C:\Program Files (x86)\NVIDIA Corporation\PhysX\Common;C:\WINDOWS\system32;C:\WINDOWS;C:\WINDOWS\System32\Wbem;C:\WINDOWS\System32\WindowsPowerShell\v1.0\;C:\Java\jdk1.8.0_192\bin;C:\Program Files\Microsoft SQL Server\Client SDK\ODBC\110\Tools\Binn\;C:\Program Files (x86)\Microsoft SQL Server\120\Tools\Binn\;C:\Program Files\Microsoft SQL Server\120\Tools\Binn\;C:\Program Files\Microsoft SQL Server\120\DTS\Binn\;C:\Program Files (x86)\Microsoft SQL Server\120\Tools\Binn\ManagementStudio\;C:\Program Files (x86)\Microsoft SQL Server\120\DTS\Binn\;C:\Program Files\Git\cmd;C:\WINDOWS\System32\OpenSSH\;C:\Users\test\AppData\Local\Programs\Python\Python37;C:\Users\test\AppData\Local\Programs\Python\Python37\Scripts;C:\Java\jdk1.8.0_192\bin;C:\Users\test\apache-maven-3.5.3-bin\apache-maven-3.5.3\bin;C:\Users\test\AppData\Local\Microsoft\WindowsApps;;C:\Users\test\cst8277-eclipse\eclipse;
USERNAME=test
OS=Windows_NT
PROCESSOR_IDENTIFIER=Intel64 Family 6 Model 61 Stepping 4, GenuineIntel



---------------  S Y S T E M  ---------------

OS: Windows 10.0 , 64 bit Build 17134 (10.0.17134.648)

CPU:total 4 (initial active 4) (2 cores per cpu, 2 threads per core) family 6 model 61 stepping 4, cmov, cx8, fxsr, mmx, sse, sse2, sse3, ssse3, sse4.1, sse4.2, popcnt, avx, avx2, aes, clmul, erms, 3dnowpref, lzcnt, ht, tsc, tscinvbit, bmi1, bmi2, adx

Memory: 4k page, physical 12450508k(1636012k free), swap 17955532k(3955384k free)

vm_info: Java HotSpot(TM) 64-Bit Server VM (25.192-b12) for windows-amd64 JRE (1.8.0_192-b12), built on Oct  6 2018 17:12:23 by "java_re" with MS VC++ 10.0 (VS2010)

time: Mon Mar 25 12:18:44 2019
timezone: Eastern Daylight Time
elapsed time: 1055 seconds (0d 0h 17m 35s)

